msc-offline-demo/app/build/intermediates/manifest_merge_blame_file/debug/processDebugMainManifest/manifest-merger-blame-debug-report.txt
1<?xml version="1.0" encoding="utf-8"?>
2<manifest xmlns:android="http://schemas.android.com/apk/res/android"
3    package="com.iflytek.mscv5plusdemo"
4    android:versionCode="1"
5    android:versionName="1.0" >
6
7    <uses-sdk
8        android:minSdkVersion="21"
9        android:targetSdkVersion="34" />
10
11    <uses-permission android:name="android.permission.INTERNET" />
11-->src\main\AndroidManifest.xml:7:5-67
11-->src\main\AndroidManifest.xml:7:22-64
12    <uses-permission android:name="android.permission.RECORD_AUDIO" />
12-->src\main\AndroidManifest.xml:8:5-71
12-->src\main\AndroidManifest.xml:8:22-68
13    <uses-permission android:name="android.permission.READ_PHONE_STATE" />
13-->src\main\AndroidManifest.xml:9:5-75
13-->src\main\AndroidManifest.xml:9:22-72
14
15    <permission
15-->[androidx.core:core:1.13.0] AndroidManifest.xml:22:5-24:47
16        android:name="com.iflytek.mscv5plusdemo.DYNAMIC_RECEIVER_NOT_EXPORTED_PERMISSION"
16-->[androidx.core:core:1.13.0] AndroidManifest.xml:23:9-81
17        android:protectionLevel="signature" />
17-->[androidx.core:core:1.13.0] AndroidManifest.xml:24:9-44
18
19    <uses-permission android:name="com.iflytek.mscv5plusdemo.DYNAMIC_RECEIVER_NOT_EXPORTED_PERMISSION" />
19-->[androidx.core:core:1.13.0] AndroidManifest.xml:26:5-97
19-->[androidx.core:core:1.13.0] AndroidManifest.xml:26:22-94
20
21    <application
21-->src\main\AndroidManifest.xml:11:5-54:19
22        android:name="com.iflytek.mscv5plusdemo.SpeechApp"
22-->src\main\AndroidManifest.xml:13:9-33
23        android:appComponentFactory="androidx.core.app.CoreComponentFactory"
23-->[androidx.core:core:1.13.0] AndroidManifest.xml:28:18-86
24        android:debuggable="true"
25        android:extractNativeLibs="true"
26        android:icon="@drawable/icon"
26-->src\main\AndroidManifest.xml:12:9-38
27        android:label="璁璇煶绀轰緥v5+" >
27-->src\main\AndroidManifest.xml:14:9-37
28        <activity
28-->src\main\AndroidManifest.xml:15:9-27:20
29            android:name="com.iflytek.mscv5plusdemo.MainActivity"
29-->src\main\AndroidManifest.xml:16:13-66
30            android:configChanges="mcc|mnc|locale|touchscreen|keyboard|keyboardHidden|navigation|orientation|screenLayout|fontScale"
30-->src\main\AndroidManifest.xml:18:13-133
31            android:exported="true"
31-->src\main\AndroidManifest.xml:17:13-36
32            android:icon="@drawable/icon"
32-->src\main\AndroidManifest.xml:19:13-42
33            android:label="璁璇煶绀轰緥v5+"
33-->src\main\AndroidManifest.xml:20:13-41
34            android:screenOrientation="portrait" >
34-->src\main\AndroidManifest.xml:21:13-49
35            <intent-filter>
35-->src\main\AndroidManifest.xml:22:13-26:29
36                <action android:name="android.intent.action.MAIN" />
36-->src\main\AndroidManifest.xml:23:17-69
36-->src\main\AndroidManifest.xml:23:25-66
37
38                <category android:name="android.intent.category.LAUNCHER" />
38-->src\main\AndroidManifest.xml:25:17-77
38-->src\main\AndroidManifest.xml:25:27-74
39            </intent-filter>
40        </activity>
41        <activity android:name="com.iflytek.speech.setting.TtsSettings" />
41-->src\main\AndroidManifest.xml:28:9-74
41-->src\main\AndroidManifest.xml:28:19-72
42        <activity android:name="com.iflytek.speech.setting.IatSettings" />
42-->src\main\AndroidManifest.xml:29:9-74
42-->src\main\AndroidManifest.xml:29:19-72
43        <activity
43-->src\main\AndroidManifest.xml:30:9-33:51
44            android:name="com.iflytek.mscv5plusdemo.IatDemo"
44-->src\main\AndroidManifest.xml:31:13-61
45            android:configChanges="mcc|mnc|locale|touchscreen|keyboard|keyboardHidden|navigation|orientation|screenLayout|fontScale"
45-->src\main\AndroidManifest.xml:32:13-133
46            android:screenOrientation="portrait" />
46-->src\main\AndroidManifest.xml:33:13-49
47        <activity
47-->src\main\AndroidManifest.xml:34:9-37:51
48            android:name="com.iflytek.mscv5plusdemo.AsrDemo"
48-->src\main\AndroidManifest.xml:35:13-61
49            android:configChanges="mcc|mnc|locale|touchscreen|keyboard|keyboardHidden|navigation|orientation|screenLayout|fontScale"
49-->src\main\AndroidManifest.xml:36:13-133
50            android:screenOrientation="portrait" />
50-->src\main\AndroidManifest.xml:37:13-49
51        <activity
51-->src\main\AndroidManifest.xml:38:9-41:51
52            android:name="com.iflytek.mscv5plusdemo.TtsDemo"
52-->src\main\AndroidManifest.xml:39:13-61
53            android:configChanges="mcc|mnc|locale|touchscreen|keyboard|keyboardHidden|navigation|orientation|screenLayout|fontScale"
53-->src\main\AndroidManifest.xml:40:13-133
54            android:screenOrientation="portrait" />
54-->src\main\AndroidManifest.xml:41:13-49
55        <activity
55-->src\main\AndroidManifest.xml:42:9-45:51
56            android:name="com.iflytek.mscv5plusdemo.IvwActivity"
56-->src\main\AndroidManifest.xml:43:13-65
57            android:configChanges="mcc|mnc|locale|touchscreen|keyboard|keyboardHidden|navigation|orientation|screenLayout|fontScale"
57-->src\main\AndroidManifest.xml:44:13-133
58            android:screenOrientation="portrait" />
58-->src\main\AndroidManifest.xml:45:13-49
59        <activity
59-->src\main\AndroidManifest.xml:46:9-49:51
60            android:name="com.iflytek.mscv5plusdemo.WakeDemo"
60-->src\main\AndroidManifest.xml:47:13-62
61            android:configChanges="mcc|mnc|locale|touchscreen|keyboard|keyboardHidden|navigation|orientation|screenLayout|fontScale"
61-->src\main\AndroidManifest.xml:48:13-133
62            android:screenOrientation="portrait" />
62-->src\main\AndroidManifest.xml:49:13-49
63        <activity
63-->src\main\AndroidManifest.xml:50:9-53:51
64            android:name="com.iflytek.mscv5plusdemo.OneShotDemo"
64-->src\main\AndroidManifest.xml:51:13-65
65            android:configChanges="mcc|mnc|locale|touchscreen|keyboard|keyboardHidden|navigation|orientation|screenLayout|fontScale"
65-->src\main\AndroidManifest.xml:52:13-133
66            android:screenOrientation="portrait" />
66-->src\main\AndroidManifest.xml:53:13-49
67
68        <provider
68-->[androidx.emoji2:emoji2:1.2.0] AndroidManifest.xml:24:9-32:20
69            android:name="androidx.startup.InitializationProvider"
69-->[androidx.emoji2:emoji2:1.2.0] AndroidManifest.xml:25:13-67
70            android:authorities="com.iflytek.mscv5plusdemo.androidx-startup"
70-->[androidx.emoji2:emoji2:1.2.0] AndroidManifest.xml:26:13-68
71            android:exported="false" >
71-->[androidx.emoji2:emoji2:1.2.0] AndroidManifest.xml:27:13-37
72            <meta-data
72-->[androidx.emoji2:emoji2:1.2.0] AndroidManifest.xml:29:13-31:52
73                android:name="androidx.emoji2.text.EmojiCompatInitializer"
73-->[androidx.emoji2:emoji2:1.2.0] AndroidManifest.xml:30:17-75
74                android:value="androidx.startup" />
74-->[androidx.emoji2:emoji2:1.2.0] AndroidManifest.xml:31:17-49
75            <meta-data
75-->[androidx.lifecycle:lifecycle-process:2.6.2] AndroidManifest.xml:29:13-31:52
76                android:name="androidx.lifecycle.ProcessLifecycleInitializer"
76-->[androidx.lifecycle:lifecycle-process:2.6.2] AndroidManifest.xml:30:17-78
77                android:value="androidx.startup" />
77-->[androidx.lifecycle:lifecycle-process:2.6.2] AndroidManifest.xml:31:17-49
78            <meta-data
78-->[androidx.profileinstaller:profileinstaller:1.3.0] AndroidManifest.xml:29:13-31:52
79                android:name="androidx.profileinstaller.ProfileInstallerInitializer"
79-->[androidx.profileinstaller:profileinstaller:1.3.0] AndroidManifest.xml:30:17-85
80                android:value="androidx.startup" />
80-->[androidx.profileinstaller:profileinstaller:1.3.0] AndroidManifest.xml:31:17-49
81        </provider>
82
83        <receiver
83-->[androidx.profileinstaller:profileinstaller:1.3.0] AndroidManifest.xml:34:9-52:20
84            android:name="androidx.profileinstaller.ProfileInstallReceiver"
84-->[androidx.profileinstaller:profileinstaller:1.3.0] AndroidManifest.xml:35:13-76
85            android:directBootAware="false"
85-->[androidx.profileinstaller:profileinstaller:1.3.0] AndroidManifest.xml:36:13-44
86            android:enabled="true"
86-->[androidx.profileinstaller:profileinstaller:1.3.0] AndroidManifest.xml:37:13-35
87            android:exported="true"
87-->[androidx.profileinstaller:profileinstaller:1.3.0] AndroidManifest.xml:38:13-36
88            android:permission="android.permission.DUMP" >
88-->[androidx.profileinstaller:profileinstaller:1.3.0] AndroidManifest.xml:39:13-57
89            <intent-filter>
89-->[androidx.profileinstaller:profileinstaller:1.3.0] AndroidManifest.xml:40:13-42:29
90                <action android:name="androidx.profileinstaller.action.INSTALL_PROFILE" />
90-->[androidx.profileinstaller:profileinstaller:1.3.0] AndroidManifest.xml:41:17-91
90-->[androidx.profileinstaller:profileinstaller:1.3.0] AndroidManifest.xml:41:25-88
91            </intent-filter>
92            <intent-filter>
92-->[androidx.profileinstaller:profileinstaller:1.3.0] AndroidManifest.xml:43:13-45:29
93                <action android:name="androidx.profileinstaller.action.SKIP_FILE" />
93-->[androidx.profileinstaller:profileinstaller:1.3.0] AndroidManifest.xml:44:17-85
93-->[androidx.profileinstaller:profileinstaller:1.3.0] AndroidManifest.xml:44:25-82
94            </intent-filter>
95            <intent-filter>
95-->[androidx.profileinstaller:profileinstaller:1.3.0] AndroidManifest.xml:46:13-48:29
96                <action android:name="androidx.profileinstaller.action.SAVE_PROFILE" />
96-->[androidx.profileinstaller:profileinstaller:1.3.0] AndroidManifest.xml:47:17-88
96-->[androidx.profileinstaller:profileinstaller:1.3.0] AndroidManifest.xml:47:25-85
97            </intent-filter>
98            <intent-filter>
98-->[androidx.profileinstaller:profileinstaller:1.3.0] AndroidManifest.xml:49:13-51:29
99                <action android:name="androidx.profileinstaller.action.BENCHMARK_OPERATION" />
99-->[androidx.profileinstaller:profileinstaller:1.3.0] AndroidManifest.xml:50:17-95
99-->[androidx.profileinstaller:profileinstaller:1.3.0] AndroidManifest.xml:50:25-92
100            </intent-filter>
101        </receiver>
102    </application>
103
104</manifest>